#
# There is insufficient memory for the Java Runtime Environment to continue.
# Native memory allocation (malloc) failed to allocate 872272 bytes. Error detail: Chunk::new
# Possible reasons:
#   The system is out of physical RAM or swap space
#   This process is running with CompressedOops enabled, and the Java Heap may be blocking the growth of the native heap
# Possible solutions:
#   Reduce memory load on the system
#   Increase physical memory or swap space
#   Check if swap backing store is full
#   Decrease Java heap size (-Xmx/-Xms)
#   Decrease number of Java threads
#   Decrease Java thread stack sizes (-Xss)
#   Set larger code cache with -XX:ReservedCodeCacheSize=
#   JVM is running with Unscaled Compressed Oops mode in which the Java heap is
#     placed in the first 4GB address space. The Java Heap base address is the
#     maximum limit for the native heap growth. Please use -XX:HeapBaseMinAddress
#     to set the Java Heap base and to place the Java Heap above 4GB virtual address.
# This output file may be truncated or incomplete.
#
#  Out of Memory Error (arena.cpp:168), pid=32340, tid=7704
#
# JRE version: OpenJDK Runtime Environment Temurin-21.0.9+10 (21.0.9+10) (build 21.0.9+10-LTS)
# Java VM: OpenJDK 64-Bit Server VM Temurin-21.0.9+10 (21.0.9+10-LTS, mixed mode, sharing, tiered, compressed oops, compressed class ptrs, parallel gc, windows-amd64)
# No core dump will be written. Minidumps are not enabled by default on client versions of Windows
#

---------------  S U M M A R Y ------------

Command Line: --add-modules=ALL-SYSTEM --add-opens=java.base/java.util=ALL-UNNAMED --add-opens=java.base/java.lang=ALL-UNNAMED --add-opens=java.base/sun.nio.fs=ALL-UNNAMED -Declipse.application=org.eclipse.jdt.ls.core.id1 -Dosgi.bundles.defaultStartLevel=4 -Declipse.product=org.eclipse.jdt.ls.core.product -Djava.import.generatesMetadataFilesAtProjectRoot=false -DDetectVMInstallationsJob.disabled=true -Dfile.encoding=utf8 -XX:+UseParallelGC -XX:GCTimeRatio=4 -XX:AdaptiveSizePolicyWeight=90 -Dsun.zip.disableMemoryMapping=true -Xmx2G -Xms100m -Xlog:disable -javaagent:c:\Users\admin\.antigravity\extensions\redhat.java-1.51.0-win32-x64\lombok\lombok-1.18.39-4050.jar -XX:+HeapDumpOnOutOfMemoryError -XX:HeapDumpPath=c:\Users\admin\AppData\Roaming\Antigravity\User\workspaceStorage\058006a8568fbba3b67f35b70838b8de\redhat.java -Daether.dependencyCollector.impl=bf c:\Users\admin\.antigravity\extensions\redhat.java-1.51.0-win32-x64\server\plugins\org.eclipse.equinox.launcher_1.7.100.v20251111-0406.jar -configuration c:\Users\admin\AppData\Roaming\Antigravity\User\globalStorage\redhat.java\1.51.0\config_win -data c:\Users\admin\AppData\Roaming\Antigravity\User\workspaceStorage\058006a8568fbba3b67f35b70838b8de\redhat.java\jdt_ws --pipe=\\.\pipe\lsp-d82e84ebdde171ee0f288ef984c5947a-sock

Host: Intel(R) Core(TM) i5-9300H CPU @ 2.40GHz, 8 cores, 7G,  Windows 11 , 64 bit Build 26100 (10.0.26100.7623)
Time: Tue Jan 27 12:01:56 2026 India Standard Time elapsed time: 3820.501572 seconds (0d 1h 3m 40s)

---------------  T H R E A D  ---------------

Current thread (0x000002a26e359bb0):  JavaThread "C2 CompilerThread0" daemon [_thread_in_native, id=7704, stack(0x000000e2dfc00000,0x000000e2dfd00000) (1024K)]


Current CompileTask:
C2:3820501 9318   !   4       org.eclipse.core.internal.resources.Container::getChildren (154 bytes)

Stack: [0x000000e2dfc00000,0x000000e2dfd00000]
Native frames: (J=compiled Java code, j=interpreted, Vv=VM code, C=native code)
V  [jvm.dll+0x6d6e29]
V  [jvm.dll+0x8b4b76]
V  [jvm.dll+0x8b712e]
V  [jvm.dll+0x8b7813]
V  [jvm.dll+0x283d86]
V  [jvm.dll+0xc66ed]
V  [jvm.dll+0xc6c31]
V  [jvm.dll+0x3be53b]
V  [jvm.dll+0x38ab92]
V  [jvm.dll+0x389fda]
V  [jvm.dll+0x24bfa0]
V  [jvm.dll+0x24b580]
V  [jvm.dll+0x1cb13e]
V  [jvm.dll+0x25b29d]
V  [jvm.dll+0x25982a]
V  [jvm.dll+0x3f7ea6]
V  [jvm.dll+0x85e9ad]
V  [jvm.dll+0x6d565d]
C  [ucrtbase.dll+0x37b0]
C  [KERNEL32.DLL+0x2e8d7]
C  [ntdll.dll+0x8c53c]


---------------  P R O C E S S  ---------------

Threads class SMR info:
_java_thread_list=0x000002a27e523db0, length=35, elements={
0x000002a26e3dc080, 0x000002a26e499930, 0x000002a26e49c3b0, 0x000002a26e49e7b0,
0x000002a26e358560, 0x000002a26e358bc0, 0x000002a26e359220, 0x000002a26e359bb0,
0x000002a27766f3f0, 0x000002a277839fa0, 0x000002a277923ae0, 0x000002a27c24ef40,
0x000002a27cab4700, 0x000002a2776abe40, 0x000002a277696100, 0x000002a27cf277a0,
0x000002a27cc42980, 0x000002a27cf4af70, 0x000002a27c95a570, 0x000002a27d4b7be0,
0x000002a27d4b9620, 0x000002a27d4b6830, 0x000002a27d4b7550, 0x000002a27d4b8900,
0x000002a27dccf9c0, 0x000002a27dcd0050, 0x000002a27dcd06e0, 0x000002a27dccd260,
0x000002a27dccd8f0, 0x000002a27dcd0d70, 0x000002a27dccdf80, 0x000002a27dcceca0,
0x000002a27dcd1400, 0x000002a27dcd1a90, 0x000002a27dcd34d0
}

Java Threads: ( => current thread )
  0x000002a26e3dc080 JavaThread "main"                              [_thread_blocked, id=28064, stack(0x000000e2df200000,0x000000e2df300000) (1024K)]
  0x000002a26e499930 JavaThread "Reference Handler"          daemon [_thread_blocked, id=19372, stack(0x000000e2df600000,0x000000e2df700000) (1024K)]
  0x000002a26e49c3b0 JavaThread "Finalizer"                  daemon [_thread_blocked, id=14232, stack(0x000000e2df700000,0x000000e2df800000) (1024K)]
  0x000002a26e49e7b0 JavaThread "Signal Dispatcher"          daemon [_thread_blocked, id=35164, stack(0x000000e2df800000,0x000000e2df900000) (1024K)]
  0x000002a26e358560 JavaThread "Attach Listener"            daemon [_thread_blocked, id=18416, stack(0x000000e2df900000,0x000000e2dfa00000) (1024K)]
  0x000002a26e358bc0 JavaThread "Service Thread"             daemon [_thread_blocked, id=14924, stack(0x000000e2dfa00000,0x000000e2dfb00000) (1024K)]
  0x000002a26e359220 JavaThread "Monitor Deflation Thread"   daemon [_thread_blocked, id=34684, stack(0x000000e2dfb00000,0x000000e2dfc00000) (1024K)]
=>0x000002a26e359bb0 JavaThread "C2 CompilerThread0"         daemon [_thread_in_native, id=7704, stack(0x000000e2dfc00000,0x000000e2dfd00000) (1024K)]
  0x000002a27766f3f0 JavaThread "C1 CompilerThread0"         daemon [_thread_blocked, id=19148, stack(0x000000e2dfd00000,0x000000e2dfe00000) (1024K)]
  0x000002a277839fa0 JavaThread "Common-Cleaner"             daemon [_thread_blocked, id=15576, stack(0x000000e2dfe00000,0x000000e2dff00000) (1024K)]
  0x000002a277923ae0 JavaThread "Notification Thread"        daemon [_thread_blocked, id=7284, stack(0x000000e2dff00000,0x000000e2e0000000) (1024K)]
  0x000002a27c24ef40 JavaThread "Active Thread: Equinox Container: 373fc9f7-db6a-48a0-a5a6-f4879897c509"        [_thread_blocked, id=17088, stack(0x000000e2e0700000,0x000000e2e0800000) (1024K)]
  0x000002a27cab4700 JavaThread "Refresh Thread: Equinox Container: 373fc9f7-db6a-48a0-a5a6-f4879897c509" daemon [_thread_blocked, id=3836, stack(0x000000e2e0800000,0x000000e2e0900000) (1024K)]
  0x000002a2776abe40 JavaThread "Framework Event Dispatcher: Equinox Container: 373fc9f7-db6a-48a0-a5a6-f4879897c509" daemon [_thread_blocked, id=27364, stack(0x000000e2e0900000,0x000000e2e0a00000) (1024K)]
  0x000002a277696100 JavaThread "Start Level: Equinox Container: 373fc9f7-db6a-48a0-a5a6-f4879897c509" daemon [_thread_blocked, id=29400, stack(0x000000e2e0a00000,0x000000e2e0b00000) (1024K)]
  0x000002a27cf277a0 JavaThread "Bundle File Closer"         daemon [_thread_blocked, id=21860, stack(0x000000e2e0c00000,0x000000e2e0d00000) (1024K)]
  0x000002a27cc42980 JavaThread "SCR Component Actor"        daemon [_thread_blocked, id=17680, stack(0x000000e2e0b00000,0x000000e2e0c00000) (1024K)]
  0x000002a27cf4af70 JavaThread "Worker-JM"                         [_thread_blocked, id=25012, stack(0x000000e2e0f00000,0x000000e2e1000000) (1024K)]
  0x000002a27c95a570 JavaThread "JNA Cleaner"                daemon [_thread_blocked, id=16256, stack(0x000000e2e0d00000,0x000000e2e0e00000) (1024K)]
  0x000002a27d4b7be0 JavaThread "Worker-1"                          [_thread_blocked, id=4912, stack(0x000000e2e1000000,0x000000e2e1100000) (1024K)]
  0x000002a27d4b9620 JavaThread "Java indexing"              daemon [_thread_blocked, id=8252, stack(0x000000e2e1400000,0x000000e2e1500000) (1024K)]
  0x000002a27d4b6830 JavaThread "Worker-5"                          [_thread_blocked, id=7656, stack(0x000000e2e1a00000,0x000000e2e1b00000) (1024K)]
  0x000002a27d4b7550 JavaThread "Thread-1"                   daemon [_thread_in_native, id=27268, stack(0x000000e2e1b00000,0x000000e2e1c00000) (1024K)]
  0x000002a27d4b8900 JavaThread "Thread-2"                   daemon [_thread_in_native, id=23980, stack(0x000000e2e1c00000,0x000000e2e1d00000) (1024K)]
  0x000002a27dccf9c0 JavaThread "Thread-3"                   daemon [_thread_in_native, id=37012, stack(0x000000e2e1d00000,0x000000e2e1e00000) (1024K)]
  0x000002a27dcd0050 JavaThread "Thread-4"                   daemon [_thread_in_native, id=19032, stack(0x000000e2e1e00000,0x000000e2e1f00000) (1024K)]
  0x000002a27dcd06e0 JavaThread "Thread-5"                   daemon [_thread_in_native, id=9756, stack(0x000000e2e1f00000,0x000000e2e2000000) (1024K)]
  0x000002a27dccd260 JavaThread "Thread-6"                   daemon [_thread_in_native, id=32204, stack(0x000000e2e2000000,0x000000e2e2100000) (1024K)]
  0x000002a27dccd8f0 JavaThread "Thread-7"                   daemon [_thread_in_native, id=37096, stack(0x000000e2e2100000,0x000000e2e2200000) (1024K)]
  0x000002a27dcd0d70 JavaThread "Thread-8"                   daemon [_thread_in_native, id=29448, stack(0x000000e2e2200000,0x000000e2e2300000) (1024K)]
  0x000002a27dccdf80 JavaThread "Thread-9"                   daemon [_thread_in_native, id=22376, stack(0x000000e2e2300000,0x000000e2e2400000) (1024K)]
  0x000002a27dcceca0 JavaThread "pool-2-thread-1"                   [_thread_blocked, id=13784, stack(0x000000e2e2400000,0x000000e2e2500000) (1024K)]
  0x000002a27dcd1400 JavaThread "WorkspaceEventsHandler"            [_thread_in_Java, id=28172, stack(0x000000e2e2500000,0x000000e2e2600000) (1024K)]
  0x000002a27dcd1a90 JavaThread "pool-1-thread-1"                   [_thread_blocked, id=23880, stack(0x000000e2e2600000,0x000000e2e2700000) (1024K)]
  0x000002a27dcd34d0 JavaThread "Timer-0"                           [_thread_blocked, id=13948, stack(0x000000e2e2e00000,0x000000e2e2f00000) (1024K)]
Total: 35

Other Threads:
  0x000002a26bfc9450 VMThread "VM Thread"                           [id=23512, stack(0x000000e2df500000,0x000000e2df600000) (1024K)]
  0x000002a26e26ca00 WatcherThread "VM Periodic Task Thread"        [id=22204, stack(0x000000e2df400000,0x000000e2df500000) (1024K)]
  0x000002a26bfc8d10 WorkerThread "GC Thread#0"                     [id=26352, stack(0x000000e2df300000,0x000000e2df400000) (1024K)]
  0x000002a26bfca2d0 WorkerThread "GC Thread#1"                     [id=24884, stack(0x000000e2e0000000,0x000000e2e0100000) (1024K)]
  0x000002a26bfc8970 WorkerThread "GC Thread#2"                     [id=29964, stack(0x000000e2e0100000,0x000000e2e0200000) (1024K)]
  0x000002a27c263940 WorkerThread "GC Thread#3"                     [id=30664, stack(0x000000e2e0200000,0x000000e2e0300000) (1024K)]
  0x000002a27c264080 WorkerThread "GC Thread#4"                     [id=37080, stack(0x000000e2e0300000,0x000000e2e0400000) (1024K)]
  0x000002a27c264420 WorkerThread "GC Thread#5"                     [id=24860, stack(0x000000e2e0400000,0x000000e2e0500000) (1024K)]
  0x000002a27c261c40 WorkerThread "GC Thread#6"                     [id=29552, stack(0x000000e2e0500000,0x000000e2e0600000) (1024K)]
  0x000002a27c263ce0 WorkerThread "GC Thread#7"                     [id=35548, stack(0x000000e2e0600000,0x000000e2e0700000) (1024K)]
Total: 10

Threads with active compile tasks:
C2 CompilerThread0  3820546 9318   !   4       org.eclipse.core.internal.resources.Container::getChildren (154 bytes)
Total: 1

VM state: not at safepoint (normal execution)

VM Mutex/Monitor currently owned by a thread: None

Heap address: 0x0000000080000000, size: 2048 MB, Compressed Oops mode: 32-bit

CDS archive(s) mapped at: [0x000002a20f000000-0x000002a20fba0000-0x000002a20fba0000), size 12189696, SharedBaseAddress: 0x000002a20f000000, ArchiveRelocationMode: 1.
Compressed class space mapped at: 0x000002a210000000-0x000002a250000000, reserved size: 1073741824
Narrow klass base: 0x000002a20f000000, Narrow klass shift: 0, Narrow klass range: 0x100000000

GC Precious Log:
 CardTable entry size: 512
 CPUs: 8 total, 8 available
 Memory: 8103M
 Large Page Support: Disabled
 NUMA Support: Disabled
 Compressed Oops: Enabled (32-bit)
 Alignments: Space 512K, Generation 512K, Heap 2M
 Heap Min Capacity: 100M
 Heap Initial Capacity: 100M
 Heap Max Capacity: 2G
 Pre-touch: Disabled
 Parallel Workers: 8

Heap:
 PSYoungGen      total 4608K, used 3316K [0x00000000d5580000, 0x00000000d5b00000, 0x0000000100000000)
  eden space 4096K, 70% used [0x00000000d5580000,0x00000000d584d190,0x00000000d5980000)
  from space 512K, 87% used [0x00000000d5a00000,0x00000000d5a70000,0x00000000d5a80000)
  to   space 512K, 0% used [0x00000000d5a80000,0x00000000d5a80000,0x00000000d5b00000)
 ParOldGen       total 99328K, used 73458K [0x0000000080000000, 0x0000000086100000, 0x00000000d5580000)
  object space 99328K, 73% used [0x0000000080000000,0x00000000847bc828,0x0000000086100000)
 Metaspace       used 58871K, committed 60288K, reserved 1114112K
  class space    used 6844K, committed 7424K, reserved 1048576K

Card table byte_map: [0x000002a26dd80000,0x000002a26e190000] _byte_map_base: 0x000002a26d980000

Marking Bits: (ParMarkBitMap*) 0x00007ffea3a42460
 Begin Bits: [0x000002a271890000, 0x000002a273890000)
 End Bits:   [0x000002a273890000, 0x000002a275890000)

Polling page: 0x000002a26c260000

Metaspace:

Usage:
  Non-class:     50.81 MB used.
      Class:      6.68 MB used.
       Both:     57.49 MB used.

Virtual space:
  Non-class space:       64.00 MB reserved,      51.62 MB ( 81%) committed,  1 nodes.
      Class space:        1.00 GB reserved,       7.25 MB ( <1%) committed,  1 nodes.
             Both:        1.06 GB reserved,      58.88 MB (  5%) committed. 

Chunk freelists:
   Non-Class:  12.42 MB
       Class:  8.77 MB
        Both:  21.19 MB

MaxMetaspaceSize: unlimited
CompressedClassSpaceSize: 1.00 GB
Initial GC threshold: 21.00 MB
Current GC threshold: 97.31 MB
CDS: on
 - commit_granule_bytes: 65536.
 - commit_granule_words: 8192.
 - virtual_space_node_default_size: 8388608.
 - enlarge_chunks_in_place: 1.
 - use_allocation_guard: 0.


Internal statistics:

num_allocs_failed_limit: 11.
num_arena_births: 1122.
num_arena_deaths: 72.
num_vsnodes_births: 2.
num_vsnodes_deaths: 0.
num_space_committed: 942.
num_space_uncommitted: 0.
num_chunks_returned_to_freelist: 110.
num_chunks_taken_from_freelist: 3779.
num_chunk_merges: 46.
num_chunk_splits: 2370.
num_chunks_enlarged: 1420.
num_inconsistent_stats: 0.

CodeHeap 'non-profiled nmethods': size=120000Kb used=6068Kb max_used=6068Kb free=113931Kb
 bounds [0x000002a207ad0000, 0x000002a2080c0000, 0x000002a20f000000]
CodeHeap 'profiled nmethods': size=120000Kb used=17543Kb max_used=17543Kb free=102456Kb
 bounds [0x000002a200000000, 0x000002a201130000, 0x000002a207530000]
CodeHeap 'non-nmethods': size=5760Kb used=1384Kb max_used=1516Kb free=4375Kb
 bounds [0x000002a207530000, 0x000002a2077a0000, 0x000002a207ad0000]
CodeCache: size=245760Kb, used=24995Kb, max_used=25127Kb, free=220762Kb
 total_blobs=9194, nmethods=8506, adapters=594, full_count=0
Compilation: enabled, stopped_count=0, restarted_count=0

Compilation events (20 events):
Event: 3818.401 Thread 0x000002a27766f3f0 9356       3       org.eclipse.jdt.internal.core.JarPackageFragment::containsJavaResources (11 bytes)
Event: 3818.402 Thread 0x000002a27766f3f0 nmethod 9356 0x000002a20111d490 code [0x000002a20111d680, 0x000002a20111dbf8]
Event: 3818.402 Thread 0x000002a27766f3f0 9354       3       org.eclipse.jdt.internal.core.JavaModelCache::peekAtInfo (156 bytes)
Event: 3818.403 Thread 0x000002a27766f3f0 nmethod 9354 0x000002a20111dd90 code [0x000002a20111e100, 0x000002a20111fde0]
Event: 3818.403 Thread 0x000002a27766f3f0 9355   !   3       org.eclipse.jdt.internal.core.JavaModelManager::closeChildren (96 bytes)
Event: 3818.403 Thread 0x000002a27766f3f0 nmethod 9355 0x000002a201120310 code [0x000002a201120540, 0x000002a201121098]
Event: 3818.403 Thread 0x000002a27766f3f0 9357       3       org.eclipse.jdt.internal.core.util.LRUCache::peek (23 bytes)
Event: 3818.403 Thread 0x000002a27766f3f0 nmethod 9357 0x000002a201121410 code [0x000002a2011215e0, 0x000002a201121910]
Event: 3818.403 Thread 0x000002a27766f3f0 9358       3       org.eclipse.jdt.internal.core.JarPackageFragment::createElementInfo (5 bytes)
Event: 3818.404 Thread 0x000002a27766f3f0 nmethod 9358 0x000002a201121a10 code [0x000002a201121be0, 0x000002a201121fb0]
Event: 3818.404 Thread 0x000002a27766f3f0 9337       3       org.eclipse.jdt.internal.core.PackageFragment::getKind (13 bytes)
Event: 3818.404 Thread 0x000002a27766f3f0 nmethod 9337 0x000002a201122190 code [0x000002a201122340, 0x000002a2011226b8]
Event: 3818.404 Thread 0x000002a27766f3f0 9341       1       org.eclipse.jdt.internal.core.JarEntryResource::setParent (6 bytes)
Event: 3818.404 Thread 0x000002a27766f3f0 nmethod 9341 0x000002a2080af610 code [0x000002a2080af7a0, 0x000002a2080af880]
Event: 3818.425 Thread 0x000002a26e359bb0 nmethod 9312 0x000002a2080af910 code [0x000002a2080b0100, 0x000002a2080b5438]
Event: 3818.426 Thread 0x000002a26e359bb0 9352       4       org.eclipse.jdt.internal.core.JavaModelCache::getInfo (156 bytes)
Event: 3818.452 Thread 0x000002a26e359bb0 nmethod 9352 0x000002a2080b8f90 code [0x000002a2080b9380, 0x000002a2080bb9e8]
Event: 3818.452 Thread 0x000002a26e359bb0 9320       4       org.eclipse.core.internal.localstore.FileStoreRoot::getManager (85 bytes)
Event: 3818.454 Thread 0x000002a26e359bb0 nmethod 9320 0x000002a2080bc990 code [0x000002a2080bcb60, 0x000002a2080bcdd0]
Event: 3818.455 Thread 0x000002a26e359bb0 9318   !   4       org.eclipse.core.internal.resources.Container::getChildren (154 bytes)

GC Heap History (20 events):
Event: 3734.554 GC heap before
{Heap before GC invocations=101 (full 3):
 PSYoungGen      total 4608K, used 4352K [0x00000000d5580000, 0x00000000d5b00000, 0x0000000100000000)
  eden space 4096K, 100% used [0x00000000d5580000,0x00000000d5980000,0x00000000d5980000)
  from space 512K, 50% used [0x00000000d5a00000,0x00000000d5a40000,0x00000000d5a80000)
  to   space 512K, 0% used [0x00000000d5a80000,0x00000000d5a80000,0x00000000d5b00000)
 ParOldGen       total 99328K, used 72890K [0x0000000080000000, 0x0000000086100000, 0x00000000d5580000)
  object space 99328K, 73% used [0x0000000080000000,0x000000008472e808,0x0000000086100000)
 Metaspace       used 58735K, committed 60160K, reserved 1114112K
  class space    used 6839K, committed 7424K, reserved 1048576K
}
Event: 3734.574 GC heap after
{Heap after GC invocations=101 (full 3):
 PSYoungGen      total 4608K, used 256K [0x00000000d5580000, 0x00000000d5b00000, 0x0000000100000000)
  eden space 4096K, 0% used [0x00000000d5580000,0x00000000d5580000,0x00000000d5980000)
  from space 512K, 50% used [0x00000000d5a80000,0x00000000d5ac0000,0x00000000d5b00000)
  to   space 512K, 0% used [0x00000000d5a00000,0x00000000d5a00000,0x00000000d5a80000)
 ParOldGen       total 99328K, used 73018K [0x0000000080000000, 0x0000000086100000, 0x00000000d5580000)
  object space 99328K, 73% used [0x0000000080000000,0x000000008474e808,0x0000000086100000)
 Metaspace       used 58735K, committed 60160K, reserved 1114112K
  class space    used 6839K, committed 7424K, reserved 1048576K
}
Event: 3734.630 GC heap before
{Heap before GC invocations=102 (full 3):
 PSYoungGen      total 4608K, used 4352K [0x00000000d5580000, 0x00000000d5b00000, 0x0000000100000000)
  eden space 4096K, 100% used [0x00000000d5580000,0x00000000d5980000,0x00000000d5980000)
  from space 512K, 50% used [0x00000000d5a80000,0x00000000d5ac0000,0x00000000d5b00000)
  to   space 512K, 0% used [0x00000000d5a00000,0x00000000d5a00000,0x00000000d5a80000)
 ParOldGen       total 99328K, used 73018K [0x0000000080000000, 0x0000000086100000, 0x00000000d5580000)
  object space 99328K, 73% used [0x0000000080000000,0x000000008474e808,0x0000000086100000)
 Metaspace       used 58748K, committed 60160K, reserved 1114112K
  class space    used 6839K, committed 7424K, reserved 1048576K
}
Event: 3734.632 GC heap after
{Heap after GC invocations=102 (full 3):
 PSYoungGen      total 4608K, used 160K [0x00000000d5580000, 0x00000000d5b00000, 0x0000000100000000)
  eden space 4096K, 0% used [0x00000000d5580000,0x00000000d5580000,0x00000000d5980000)
  from space 512K, 31% used [0x00000000d5a00000,0x00000000d5a28000,0x00000000d5a80000)
  to   space 512K, 0% used [0x00000000d5a80000,0x00000000d5a80000,0x00000000d5b00000)
 ParOldGen       total 99328K, used 73082K [0x0000000080000000, 0x0000000086100000, 0x00000000d5580000)
  object space 99328K, 73% used [0x0000000080000000,0x000000008475e808,0x0000000086100000)
 Metaspace       used 58748K, committed 60160K, reserved 1114112K
  class space    used 6839K, committed 7424K, reserved 1048576K
}
Event: 3735.036 GC heap before
{Heap before GC invocations=103 (full 3):
 PSYoungGen      total 4608K, used 4256K [0x00000000d5580000, 0x00000000d5b00000, 0x0000000100000000)
  eden space 4096K, 100% used [0x00000000d5580000,0x00000000d5980000,0x00000000d5980000)
  from space 512K, 31% used [0x00000000d5a00000,0x00000000d5a28000,0x00000000d5a80000)
  to   space 512K, 0% used [0x00000000d5a80000,0x00000000d5a80000,0x00000000d5b00000)
 ParOldGen       total 99328K, used 73082K [0x0000000080000000, 0x0000000086100000, 0x00000000d5580000)
  object space 99328K, 73% used [0x0000000080000000,0x000000008475e808,0x0000000086100000)
 Metaspace       used 58767K, committed 60224K, reserved 1114112K
  class space    used 6840K, committed 7424K, reserved 1048576K
}
Event: 3735.037 GC heap after
{Heap after GC invocations=103 (full 3):
 PSYoungGen      total 4608K, used 192K [0x00000000d5580000, 0x00000000d5b00000, 0x0000000100000000)
  eden space 4096K, 0% used [0x00000000d5580000,0x00000000d5580000,0x00000000d5980000)
  from space 512K, 37% used [0x00000000d5a80000,0x00000000d5ab0000,0x00000000d5b00000)
  to   space 512K, 0% used [0x00000000d5a00000,0x00000000d5a00000,0x00000000d5a80000)
 ParOldGen       total 99328K, used 73098K [0x0000000080000000, 0x0000000086100000, 0x00000000d5580000)
  object space 99328K, 73% used [0x0000000080000000,0x0000000084762808,0x0000000086100000)
 Metaspace       used 58767K, committed 60224K, reserved 1114112K
  class space    used 6840K, committed 7424K, reserved 1048576K
}
Event: 3735.090 GC heap before
{Heap before GC invocations=104 (full 3):
 PSYoungGen      total 4608K, used 4288K [0x00000000d5580000, 0x00000000d5b00000, 0x0000000100000000)
  eden space 4096K, 100% used [0x00000000d5580000,0x00000000d5980000,0x00000000d5980000)
  from space 512K, 37% used [0x00000000d5a80000,0x00000000d5ab0000,0x00000000d5b00000)
  to   space 512K, 0% used [0x00000000d5a00000,0x00000000d5a00000,0x00000000d5a80000)
 ParOldGen       total 99328K, used 73098K [0x0000000080000000, 0x0000000086100000, 0x00000000d5580000)
  object space 99328K, 73% used [0x0000000080000000,0x0000000084762808,0x0000000086100000)
 Metaspace       used 58767K, committed 60224K, reserved 1114112K
  class space    used 6840K, committed 7424K, reserved 1048576K
}
Event: 3735.091 GC heap after
{Heap after GC invocations=104 (full 3):
 PSYoungGen      total 4608K, used 96K [0x00000000d5580000, 0x00000000d5b00000, 0x0000000100000000)
  eden space 4096K, 0% used [0x00000000d5580000,0x00000000d5580000,0x00000000d5980000)
  from space 512K, 18% used [0x00000000d5a00000,0x00000000d5a18000,0x00000000d5a80000)
  to   space 512K, 0% used [0x00000000d5a80000,0x00000000d5a80000,0x00000000d5b00000)
 ParOldGen       total 99328K, used 73170K [0x0000000080000000, 0x0000000086100000, 0x00000000d5580000)
  object space 99328K, 73% used [0x0000000080000000,0x0000000084774808,0x0000000086100000)
 Metaspace       used 58767K, committed 60224K, reserved 1114112K
  class space    used 6840K, committed 7424K, reserved 1048576K
}
Event: 3735.153 GC heap before
{Heap before GC invocations=105 (full 3):
 PSYoungGen      total 4608K, used 4192K [0x00000000d5580000, 0x00000000d5b00000, 0x0000000100000000)
  eden space 4096K, 100% used [0x00000000d5580000,0x00000000d5980000,0x00000000d5980000)
  from space 512K, 18% used [0x00000000d5a00000,0x00000000d5a18000,0x00000000d5a80000)
  to   space 512K, 0% used [0x00000000d5a80000,0x00000000d5a80000,0x00000000d5b00000)
 ParOldGen       total 99328K, used 73170K [0x0000000080000000, 0x0000000086100000, 0x00000000d5580000)
  object space 99328K, 73% used [0x0000000080000000,0x0000000084774808,0x0000000086100000)
 Metaspace       used 58769K, committed 60224K, reserved 1114112K
  class space    used 6840K, committed 7424K, reserved 1048576K
}
Event: 3735.153 GC heap after
{Heap after GC invocations=105 (full 3):
 PSYoungGen      total 4608K, used 32K [0x00000000d5580000, 0x00000000d5b00000, 0x0000000100000000)
  eden space 4096K, 0% used [0x00000000d5580000,0x00000000d5580000,0x00000000d5980000)
  from space 512K, 6% used [0x00000000d5a80000,0x00000000d5a88000,0x00000000d5b00000)
  to   space 512K, 0% used [0x00000000d5a00000,0x00000000d5a00000,0x00000000d5a80000)
 ParOldGen       total 99328K, used 73234K [0x0000000080000000, 0x0000000086100000, 0x00000000d5580000)
  object space 99328K, 73% used [0x0000000080000000,0x0000000084784808,0x0000000086100000)
 Metaspace       used 58769K, committed 60224K, reserved 1114112K
  class space    used 6840K, committed 7424K, reserved 1048576K
}
Event: 3735.226 GC heap before
{Heap before GC invocations=106 (full 3):
 PSYoungGen      total 4608K, used 4128K [0x00000000d5580000, 0x00000000d5b00000, 0x0000000100000000)
  eden space 4096K, 100% used [0x00000000d5580000,0x00000000d5980000,0x00000000d5980000)
  from space 512K, 6% used [0x00000000d5a80000,0x00000000d5a88000,0x00000000d5b00000)
  to   space 512K, 0% used [0x00000000d5a00000,0x00000000d5a00000,0x00000000d5a80000)
 ParOldGen       total 99328K, used 73234K [0x0000000080000000, 0x0000000086100000, 0x00000000d5580000)
  object space 99328K, 73% used [0x0000000080000000,0x0000000084784808,0x0000000086100000)
 Metaspace       used 58779K, committed 60224K, reserved 1114112K
  class space    used 6840K, committed 7424K, reserved 1048576K
}
Event: 3735.228 GC heap after
{Heap after GC invocations=106 (full 3):
 PSYoungGen      total 4608K, used 160K [0x00000000d5580000, 0x00000000d5b00000, 0x0000000100000000)
  eden space 4096K, 0% used [0x00000000d5580000,0x00000000d5580000,0x00000000d5980000)
  from space 512K, 31% used [0x00000000d5a00000,0x00000000d5a28000,0x00000000d5a80000)
  to   space 512K, 0% used [0x00000000d5a80000,0x00000000d5a80000,0x00000000d5b00000)
 ParOldGen       total 99328K, used 73242K [0x0000000080000000, 0x0000000086100000, 0x00000000d5580000)
  object space 99328K, 73% used [0x0000000080000000,0x0000000084786808,0x0000000086100000)
 Metaspace       used 58779K, committed 60224K, reserved 1114112K
  class space    used 6840K, committed 7424K, reserved 1048576K
}
Event: 3735.283 GC heap before
{Heap before GC invocations=107 (full 3):
 PSYoungGen      total 4608K, used 4256K [0x00000000d5580000, 0x00000000d5b00000, 0x0000000100000000)
  eden space 4096K, 100% used [0x00000000d5580000,0x00000000d5980000,0x00000000d5980000)
  from space 512K, 31% used [0x00000000d5a00000,0x00000000d5a28000,0x00000000d5a80000)
  to   space 512K, 0% used [0x00000000d5a80000,0x00000000d5a80000,0x00000000d5b00000)
 ParOldGen       total 99328K, used 73242K [0x0000000080000000, 0x0000000086100000, 0x00000000d5580000)
  object space 99328K, 73% used [0x0000000080000000,0x0000000084786808,0x0000000086100000)
 Metaspace       used 58779K, committed 60224K, reserved 1114112K
  class space    used 6840K, committed 7424K, reserved 1048576K
}
Event: 3735.283 GC heap after
{Heap after GC invocations=107 (full 3):
 PSYoungGen      total 4608K, used 64K [0x00000000d5580000, 0x00000000d5b00000, 0x0000000100000000)
  eden space 4096K, 0% used [0x00000000d5580000,0x00000000d5580000,0x00000000d5980000)
  from space 512K, 12% used [0x00000000d5a80000,0x00000000d5a90000,0x00000000d5b00000)
  to   space 512K, 0% used [0x00000000d5a00000,0x00000000d5a00000,0x00000000d5a80000)
 ParOldGen       total 99328K, used 73290K [0x0000000080000000, 0x0000000086100000, 0x00000000d5580000)
  object space 99328K, 73% used [0x0000000080000000,0x0000000084792808,0x0000000086100000)
 Metaspace       used 58779K, committed 60224K, reserved 1114112K
  class space    used 6840K, committed 7424K, reserved 1048576K
}
Event: 3735.340 GC heap before
{Heap before GC invocations=108 (full 3):
 PSYoungGen      total 4608K, used 4160K [0x00000000d5580000, 0x00000000d5b00000, 0x0000000100000000)
  eden space 4096K, 100% used [0x00000000d5580000,0x00000000d5980000,0x00000000d5980000)
  from space 512K, 12% used [0x00000000d5a80000,0x00000000d5a90000,0x00000000d5b00000)
  to   space 512K, 0% used [0x00000000d5a00000,0x00000000d5a00000,0x00000000d5a80000)
 ParOldGen       total 99328K, used 73290K [0x0000000080000000, 0x0000000086100000, 0x00000000d5580000)
  object space 99328K, 73% used [0x0000000080000000,0x0000000084792808,0x0000000086100000)
 Metaspace       used 58779K, committed 60224K, reserved 1114112K
  class space    used 6840K, committed 7424K, reserved 1048576K
}
Event: 3735.340 GC heap after
{Heap after GC invocations=108 (full 3):
 PSYoungGen      total 4608K, used 192K [0x00000000d5580000, 0x00000000d5b00000, 0x0000000100000000)
  eden space 4096K, 0% used [0x00000000d5580000,0x00000000d5580000,0x00000000d5980000)
  from space 512K, 37% used [0x00000000d5a00000,0x00000000d5a30000,0x00000000d5a80000)
  to   space 512K, 0% used [0x00000000d5a80000,0x00000000d5a80000,0x00000000d5b00000)
 ParOldGen       total 99328K, used 73290K [0x0000000080000000, 0x0000000086100000, 0x00000000d5580000)
  object space 99328K, 73% used [0x0000000080000000,0x0000000084792808,0x0000000086100000)
 Metaspace       used 58779K, committed 60224K, reserved 1114112K
  class space    used 6840K, committed 7424K, reserved 1048576K
}
Event: 3818.237 GC heap before
{Heap before GC invocations=109 (full 3):
 PSYoungGen      total 4608K, used 4288K [0x00000000d5580000, 0x00000000d5b00000, 0x0000000100000000)
  eden space 4096K, 100% used [0x00000000d5580000,0x00000000d5980000,0x00000000d5980000)
  from space 512K, 37% used [0x00000000d5a00000,0x00000000d5a30000,0x00000000d5a80000)
  to   space 512K, 0% used [0x00000000d5a80000,0x00000000d5a80000,0x00000000d5b00000)
 ParOldGen       total 99328K, used 73290K [0x0000000080000000, 0x0000000086100000, 0x00000000d5580000)
  object space 99328K, 73% used [0x0000000080000000,0x0000000084792808,0x0000000086100000)
 Metaspace       used 58789K, committed 60224K, reserved 1114112K
  class space    used 6842K, committed 7424K, reserved 1048576K
}
Event: 3818.249 GC heap after
{Heap after GC invocations=109 (full 3):
 PSYoungGen      total 4608K, used 320K [0x00000000d5580000, 0x00000000d5b00000, 0x0000000100000000)
  eden space 4096K, 0% used [0x00000000d5580000,0x00000000d5580000,0x00000000d5980000)
  from space 512K, 62% used [0x00000000d5a80000,0x00000000d5ad0020,0x00000000d5b00000)
  to   space 512K, 0% used [0x00000000d5a00000,0x00000000d5a00000,0x00000000d5a80000)
 ParOldGen       total 99328K, used 73290K [0x0000000080000000, 0x0000000086100000, 0x00000000d5580000)
  object space 99328K, 73% used [0x0000000080000000,0x0000000084792808,0x0000000086100000)
 Metaspace       used 58789K, committed 60224K, reserved 1114112K
  class space    used 6842K, committed 7424K, reserved 1048576K
}
Event: 3818.366 GC heap before
{Heap before GC invocations=110 (full 3):
 PSYoungGen      total 4608K, used 4416K [0x00000000d5580000, 0x00000000d5b00000, 0x0000000100000000)
  eden space 4096K, 100% used [0x00000000d5580000,0x00000000d5980000,0x00000000d5980000)
  from space 512K, 62% used [0x00000000d5a80000,0x00000000d5ad0020,0x00000000d5b00000)
  to   space 512K, 0% used [0x00000000d5a00000,0x00000000d5a00000,0x00000000d5a80000)
 ParOldGen       total 99328K, used 73290K [0x0000000080000000, 0x0000000086100000, 0x00000000d5580000)
  object space 99328K, 73% used [0x0000000080000000,0x0000000084792808,0x0000000086100000)
 Metaspace       used 58797K, committed 60224K, reserved 1114112K
  class space    used 6842K, committed 7424K, reserved 1048576K
}
Event: 3818.368 GC heap after
{Heap after GC invocations=110 (full 3):
 PSYoungGen      total 4608K, used 448K [0x00000000d5580000, 0x00000000d5b00000, 0x0000000100000000)
  eden space 4096K, 0% used [0x00000000d5580000,0x00000000d5580000,0x00000000d5980000)
  from space 512K, 87% used [0x00000000d5a00000,0x00000000d5a70000,0x00000000d5a80000)
  to   space 512K, 0% used [0x00000000d5a80000,0x00000000d5a80000,0x00000000d5b00000)
 ParOldGen       total 99328K, used 73458K [0x0000000080000000, 0x0000000086100000, 0x00000000d5580000)
  object space 99328K, 73% used [0x0000000080000000,0x00000000847bc828,0x0000000086100000)
 Metaspace       used 58797K, committed 60224K, reserved 1114112K
  class space    used 6842K, committed 7424K, reserved 1048576K
}

Dll operation events (13 events):
Event: 0.088 Loaded shared library c:\Users\admin\.antigravity\extensions\redhat.java-1.51.0-win32-x64\jre\21.0.9-win32-x86_64\bin\java.dll
Event: 0.607 Loaded shared library c:\Users\admin\.antigravity\extensions\redhat.java-1.51.0-win32-x64\jre\21.0.9-win32-x86_64\bin\zip.dll
Event: 0.690 Loaded shared library C:\Users\admin\.antigravity\extensions\redhat.java-1.51.0-win32-x64\jre\21.0.9-win32-x86_64\bin\instrument.dll
Event: 0.699 Loaded shared library C:\Users\admin\.antigravity\extensions\redhat.java-1.51.0-win32-x64\jre\21.0.9-win32-x86_64\bin\net.dll
Event: 0.702 Loaded shared library C:\Users\admin\.antigravity\extensions\redhat.java-1.51.0-win32-x64\jre\21.0.9-win32-x86_64\bin\nio.dll
Event: 0.722 Loaded shared library C:\Users\admin\.antigravity\extensions\redhat.java-1.51.0-win32-x64\jre\21.0.9-win32-x86_64\bin\zip.dll
Event: 0.771 Loaded shared library C:\Users\admin\.antigravity\extensions\redhat.java-1.51.0-win32-x64\jre\21.0.9-win32-x86_64\bin\jimage.dll
Event: 1.070 Loaded shared library c:\Users\admin\.antigravity\extensions\redhat.java-1.51.0-win32-x64\jre\21.0.9-win32-x86_64\bin\verify.dll
Event: 23.435 Loaded shared library C:\Users\admin\AppData\Roaming\Antigravity\User\globalStorage\redhat.java\1.51.0\config_win\org.eclipse.equinox.launcher\org.eclipse.equinox.launcher.win32.win32.x86_64_1.2.1400.v20250801-0854\eclipse_11916.dll
Event: 40.670 Loaded shared library C:\Users\admin\AppData\Local\Temp\jna-92668751\jna13348611781208609485.dll
Event: 82.289 Loaded shared library C:\Users\admin\.gradle\native\1def1411415f61bf3af743bc5b6707747c0891f09f0c88961ee8f79bc544acac\windows-amd64\native-platform.dll
Event: 97.857 Loaded shared library C:\Users\admin\.antigravity\extensions\redhat.java-1.51.0-win32-x64\jre\21.0.9-win32-x86_64\bin\management.dll
Event: 97.870 Loaded shared library C:\Users\admin\.antigravity\extensions\redhat.java-1.51.0-win32-x64\jre\21.0.9-win32-x86_64\bin\management_ext.dll

Deoptimization events (20 events):
Event: 3818.210 Thread 0x000002a27dcd1400 Uncommon trap: trap_request=0xffffffc6 fr.pc=0x000002a208099be4 relative=0x0000000000002ba4
Event: 3818.210 Thread 0x000002a27dcd1400 Uncommon trap: reason=bimorphic_or_optimized_type_check action=maybe_recompile pc=0x000002a208099be4 method=org.eclipse.core.internal.localstore.FileStoreRoot.getManager(Lorg/eclipse/core/runtime/IPath;)Lorg/eclipse/core/resources/IPathVariableManager; @ 
Event: 3818.210 Thread 0x000002a27dcd1400 DEOPT PACKING pc=0x000002a208099be4 sp=0x000000e2e25fe8f0
Event: 3818.210 Thread 0x000002a27dcd1400 DEOPT UNPACKING pc=0x000002a207583aa2 sp=0x000000e2e25fe848 mode 2
Event: 3818.220 Thread 0x000002a27dcd1400 Uncommon trap: trap_request=0xffffffc6 fr.pc=0x000002a20808ed34 relative=0x0000000000000154
Event: 3818.220 Thread 0x000002a27dcd1400 Uncommon trap: reason=bimorphic_or_optimized_type_check action=maybe_recompile pc=0x000002a20808ed34 method=org.eclipse.core.internal.localstore.FileStoreRoot.getManager(Lorg/eclipse/core/runtime/IPath;)Lorg/eclipse/core/resources/IPathVariableManager; @ 
Event: 3818.220 Thread 0x000002a27dcd1400 DEOPT PACKING pc=0x000002a20808ed34 sp=0x000000e2e25fe8a0
Event: 3818.220 Thread 0x000002a27dcd1400 DEOPT UNPACKING pc=0x000002a207583aa2 sp=0x000000e2e25fe840 mode 2
Event: 3818.307 Thread 0x000002a27dcd1400 Uncommon trap: trap_request=0xffffffde fr.pc=0x000002a2080ac0f8 relative=0x0000000000001f78
Event: 3818.307 Thread 0x000002a27dcd1400 Uncommon trap: reason=class_check action=maybe_recompile pc=0x000002a2080ac0f8 method=org.eclipse.jdt.internal.core.JavaModelCache.getInfo(Lorg/eclipse/jdt/core/IJavaElement;)Lorg/eclipse/jdt/internal/compiler/env/IElementInfo; @ 91 c2
Event: 3818.307 Thread 0x000002a27dcd1400 DEOPT PACKING pc=0x000002a2080ac0f8 sp=0x000000e2e25fe8b0
Event: 3818.307 Thread 0x000002a27dcd1400 DEOPT UNPACKING pc=0x000002a207583aa2 sp=0x000000e2e25fe888 mode 2
Event: 3818.342 Thread 0x000002a27dcd1400 Uncommon trap: trap_request=0xffffffde fr.pc=0x000002a2080ac0f8 relative=0x0000000000001f78
Event: 3818.342 Thread 0x000002a27dcd1400 Uncommon trap: reason=class_check action=maybe_recompile pc=0x000002a2080ac0f8 method=org.eclipse.jdt.internal.core.JavaModelCache.getInfo(Lorg/eclipse/jdt/core/IJavaElement;)Lorg/eclipse/jdt/internal/compiler/env/IElementInfo; @ 91 c2
Event: 3818.342 Thread 0x000002a27dcd1400 DEOPT PACKING pc=0x000002a2080ac0f8 sp=0x000000e2e25fe8b0
Event: 3818.342 Thread 0x000002a27dcd1400 DEOPT UNPACKING pc=0x000002a207583aa2 sp=0x000000e2e25fe888 mode 2
Event: 3818.401 Thread 0x000002a27dcd1400 Uncommon trap: trap_request=0xffffff45 fr.pc=0x000002a207bb01ec relative=0x000000000000068c
Event: 3818.401 Thread 0x000002a27dcd1400 Uncommon trap: reason=unstable_if action=reinterpret pc=0x000002a207bb01ec method=java.lang.String.newStringUTF8NoRepl([BIIZ)Ljava/lang/String; @ 41 c2
Event: 3818.401 Thread 0x000002a27dcd1400 DEOPT PACKING pc=0x000002a207bb01ec sp=0x000000e2e25fec40
Event: 3818.401 Thread 0x000002a27dcd1400 DEOPT UNPACKING pc=0x000002a207583aa2 sp=0x000000e2e25febf8 mode 2

Classes loaded (20 events):
Event: 100.273 Loading class java/util/AbstractList$RandomAccessSubList
Event: 100.274 Loading class java/util/AbstractList$SubList
Event: 100.274 Loading class java/util/AbstractList$SubList done
Event: 100.274 Loading class java/util/AbstractList$RandomAccessSubList done
Event: 100.274 Loading class java/util/AbstractList$SubList$1
Event: 100.274 Loading class java/util/AbstractList$SubList$1 done
Event: 100.274 Loading class java/util/AbstractList$ListItr
Event: 100.275 Loading class java/util/AbstractList$ListItr done
Event: 100.739 Loading class java/nio/channels/Channels$ReadableByteChannelImpl
Event: 100.740 Loading class java/nio/channels/Channels$ReadableByteChannelImpl done
Event: 100.745 Loading class java/nio/channels/NonWritableChannelException
Event: 100.745 Loading class java/nio/channels/NonWritableChannelException done
Event: 100.970 Loading class java/lang/invoke/MethodHandleImpl$CountingWrapper$1
Event: 100.971 Loading class java/lang/invoke/MethodHandleImpl$CountingWrapper$1 done
Event: 101.662 Loading class java/util/stream/DistinctOps
Event: 101.662 Loading class java/util/stream/DistinctOps done
Event: 101.662 Loading class java/util/stream/DistinctOps$1
Event: 101.662 Loading class java/util/stream/DistinctOps$1 done
Event: 101.666 Loading class java/util/stream/DistinctOps$1$2
Event: 101.666 Loading class java/util/stream/DistinctOps$1$2 done

Classes unloaded (20 events):
Event: 101.751 Thread 0x000002a26bfc9450 Unloading class 0x000002a21071bc00 'java/lang/invoke/LambdaForm$MH+0x000002a21071bc00'
Event: 101.751 Thread 0x000002a26bfc9450 Unloading class 0x000002a21071b800 'java/lang/invoke/LambdaForm$MH+0x000002a21071b800'
Event: 101.751 Thread 0x000002a26bfc9450 Unloading class 0x000002a21071b400 'java/lang/invoke/LambdaForm$MH+0x000002a21071b400'
Event: 101.751 Thread 0x000002a26bfc9450 Unloading class 0x000002a21071b000 'java/lang/invoke/LambdaForm$MH+0x000002a21071b000'
Event: 101.751 Thread 0x000002a26bfc9450 Unloading class 0x000002a21071ac00 'java/lang/invoke/LambdaForm$MH+0x000002a21071ac00'
Event: 101.751 Thread 0x000002a26bfc9450 Unloading class 0x000002a21071a400 'java/lang/invoke/LambdaForm$MH+0x000002a21071a400'
Event: 101.751 Thread 0x000002a26bfc9450 Unloading class 0x000002a21071a000 'java/lang/invoke/LambdaForm$MH+0x000002a21071a000'
Event: 101.751 Thread 0x000002a26bfc9450 Unloading class 0x000002a210719c00 'java/lang/invoke/LambdaForm$MH+0x000002a210719c00'
Event: 101.751 Thread 0x000002a26bfc9450 Unloading class 0x000002a210719800 'java/lang/invoke/LambdaForm$MH+0x000002a210719800'
Event: 101.751 Thread 0x000002a26bfc9450 Unloading class 0x000002a210719400 'java/lang/invoke/LambdaForm$MH+0x000002a210719400'
Event: 101.751 Thread 0x000002a26bfc9450 Unloading class 0x000002a210718c00 'java/lang/invoke/LambdaForm$MH+0x000002a210718c00'
Event: 101.751 Thread 0x000002a26bfc9450 Unloading class 0x000002a210718800 'java/lang/invoke/LambdaForm$MH+0x000002a210718800'
Event: 101.751 Thread 0x000002a26bfc9450 Unloading class 0x000002a210718400 'java/lang/invoke/LambdaForm$MH+0x000002a210718400'
Event: 101.751 Thread 0x000002a26bfc9450 Unloading class 0x000002a210718000 'java/lang/invoke/LambdaForm$MH+0x000002a210718000'
Event: 101.751 Thread 0x000002a26bfc9450 Unloading class 0x000002a210715c00 'java/lang/invoke/LambdaForm$MH+0x000002a210715c00'
Event: 101.751 Thread 0x000002a26bfc9450 Unloading class 0x000002a210715800 'java/lang/invoke/LambdaForm$MH+0x000002a210715800'
Event: 101.751 Thread 0x000002a26bfc9450 Unloading class 0x000002a210715400 'java/lang/invoke/LambdaForm$MH+0x000002a210715400'
Event: 101.751 Thread 0x000002a26bfc9450 Unloading class 0x000002a210715000 'java/lang/invoke/LambdaForm$MH+0x000002a210715000'
Event: 101.751 Thread 0x000002a26bfc9450 Unloading class 0x000002a210714c00 'java/lang/invoke/LambdaForm$MH+0x000002a210714c00'
Event: 101.751 Thread 0x000002a26bfc9450 Unloading class 0x000002a210714800 'java/lang/invoke/LambdaForm$MH+0x000002a210714800'

Classes redefined (0 events):
No events

Internal exceptions (20 events):
Event: 102.707 Thread 0x000002a27dcd4880 Exception <a 'sun/nio/fs/WindowsException'{0x00000000d575d728}> (0x00000000d575d728) 
thrown [s\src\hotspot\share\prims\jni.cpp, line 520]
Event: 102.707 Thread 0x000002a27dcd4880 Exception <a 'sun/nio/fs/WindowsException'{0x00000000d575e810}> (0x00000000d575e810) 
thrown [s\src\hotspot\share\prims\jni.cpp, line 520]
Event: 102.707 Thread 0x000002a27dcd4880 Exception <a 'sun/nio/fs/WindowsException'{0x00000000d575f338}> (0x00000000d575f338) 
thrown [s\src\hotspot\share\prims\jni.cpp, line 520]
Event: 102.708 Thread 0x000002a27dcd4880 Exception <a 'sun/nio/fs/WindowsException'{0x00000000d5760378}> (0x00000000d5760378) 
thrown [s\src\hotspot\share\prims\jni.cpp, line 520]
Event: 102.708 Thread 0x000002a27dcd4880 Exception <a 'sun/nio/fs/WindowsException'{0x00000000d5760eb8}> (0x00000000d5760eb8) 
thrown [s\src\hotspot\share\prims\jni.cpp, line 520]
Event: 102.709 Thread 0x000002a27dcd4880 Exception <a 'sun/nio/fs/WindowsException'{0x00000000d5762250}> (0x00000000d5762250) 
thrown [s\src\hotspot\share\prims\jni.cpp, line 520]
Event: 102.709 Thread 0x000002a27dcd4880 Exception <a 'sun/nio/fs/WindowsException'{0x00000000d5762b30}> (0x00000000d5762b30) 
thrown [s\src\hotspot\share\prims\jni.cpp, line 520]
Event: 102.713 Thread 0x000002a27dcd4880 Exception <a 'sun/nio/fs/WindowsException'{0x00000000d5763c18}> (0x00000000d5763c18) 
thrown [s\src\hotspot\share\prims\jni.cpp, line 520]
Event: 102.713 Thread 0x000002a27dcd4880 Exception <a 'sun/nio/fs/WindowsException'{0x00000000d5764768}> (0x00000000d5764768) 
thrown [s\src\hotspot\share\prims\jni.cpp, line 520]
Event: 102.714 Thread 0x000002a27dcd4880 Exception <a 'sun/nio/fs/WindowsException'{0x00000000d5766140}> (0x00000000d5766140) 
thrown [s\src\hotspot\share\prims\jni.cpp, line 520]
Event: 102.714 Thread 0x000002a27dcd4880 Exception <a 'sun/nio/fs/WindowsException'{0x00000000d5766c80}> (0x00000000d5766c80) 
thrown [s\src\hotspot\share\prims\jni.cpp, line 520]
Event: 102.715 Thread 0x000002a27dcd4880 Exception <a 'sun/nio/fs/WindowsException'{0x00000000d5768018}> (0x00000000d5768018) 
thrown [s\src\hotspot\share\prims\jni.cpp, line 520]
Event: 102.715 Thread 0x000002a27dcd4880 Exception <a 'sun/nio/fs/WindowsException'{0x00000000d57688f8}> (0x00000000d57688f8) 
thrown [s\src\hotspot\share\prims\jni.cpp, line 520]
Event: 102.715 Thread 0x000002a27dcd4880 Exception <a 'sun/nio/fs/WindowsException'{0x00000000d5769c20}> (0x00000000d5769c20) 
thrown [s\src\hotspot\share\prims\jni.cpp, line 520]
Event: 102.715 Thread 0x000002a27dcd4880 Exception <a 'sun/nio/fs/WindowsException'{0x00000000d576a500}> (0x00000000d576a500) 
thrown [s\src\hotspot\share\prims\jni.cpp, line 520]
Event: 102.717 Thread 0x000002a27dcd4880 Exception <a 'sun/nio/fs/WindowsException'{0x00000000d576cf50}> (0x00000000d576cf50) 
thrown [s\src\hotspot\share\prims\jni.cpp, line 520]
Event: 102.717 Thread 0x000002a27dcd4880 Exception <a 'sun/nio/fs/WindowsException'{0x00000000d576da90}> (0x00000000d576da90) 
thrown [s\src\hotspot\share\prims\jni.cpp, line 520]
Event: 102.717 Thread 0x000002a27dcd4880 Exception <a 'sun/nio/fs/WindowsException'{0x00000000d576f068}> (0x00000000d576f068) 
thrown [s\src\hotspot\share\prims\jni.cpp, line 520]
Event: 102.718 Thread 0x000002a27dcd4880 Exception <a 'sun/nio/fs/WindowsException'{0x00000000d576f948}> (0x00000000d576f948) 
thrown [s\src\hotspot\share\prims\jni.cpp, line 520]
Event: 1241.554 Thread 0x000002a27d4b6830 Implicit null exception at 0x000002a20804d743 to 0x000002a20804e140

ZGC Phase Switch (0 events):
No events

VM Operations (20 events):
Event: 3734.632 Executing VM operation: ParallelGCFailedAllocation (Allocation Failure) done
Event: 3735.036 Executing VM operation: ParallelGCFailedAllocation (Allocation Failure)
Event: 3735.037 Executing VM operation: ParallelGCFailedAllocation (Allocation Failure) done
Event: 3735.090 Executing VM operation: ParallelGCFailedAllocation (Allocation Failure)
Event: 3735.091 Executing VM operation: ParallelGCFailedAllocation (Allocation Failure) done
Event: 3735.152 Executing VM operation: ParallelGCFailedAllocation (Allocation Failure)
Event: 3735.153 Executing VM operation: ParallelGCFailedAllocation (Allocation Failure) done
Event: 3735.226 Executing VM operation: ParallelGCFailedAllocation (Allocation Failure)
Event: 3735.228 Executing VM operation: ParallelGCFailedAllocation (Allocation Failure) done
Event: 3735.283 Executing VM operation: ParallelGCFailedAllocation (Allocation Failure)
Event: 3735.283 Executing VM operation: ParallelGCFailedAllocation (Allocation Failure) done
Event: 3735.340 Executing VM operation: ParallelGCFailedAllocation (Allocation Failure)
Event: 3735.340 Executing VM operation: ParallelGCFailedAllocation (Allocation Failure) done
Event: 3745.386 Executing VM operation: Cleanup
Event: 3745.386 Executing VM operation: Cleanup done
Event: 3818.236 Executing VM operation: ParallelGCFailedAllocation (Allocation Failure)
Event: 3818.249 Executing VM operation: ParallelGCFailedAllocation (Allocation Failure) done
Event: 3818.365 Executing VM operation: ParallelGCFailedAllocation (Allocation Failure)
Event: 3818.368 Executing VM operation: ParallelGCFailedAllocation (Allocation Failure) done
Event: 3819.383 Executing VM operation: Cleanup

Memory protections (0 events):
No events

Nmethod flushes (20 events):
Event: 101.800 Thread 0x000002a26bfc9450 flushing  nmethod 0x000002a2009b3c90
Event: 101.800 Thread 0x000002a26bfc9450 flushing  nmethod 0x000002a2009b4610
Event: 101.800 Thread 0x000002a26bfc9450 flushing  nmethod 0x000002a2009bb510
Event: 101.800 Thread 0x000002a26bfc9450 flushing  nmethod 0x000002a2009bc990
Event: 101.800 Thread 0x000002a26bfc9450 flushing  nmethod 0x000002a2009bce10
Event: 101.800 Thread 0x000002a26bfc9450 flushing  nmethod 0x000002a2009c3310
Event: 101.800 Thread 0x000002a26bfc9450 flushing  nmethod 0x000002a2009c3890
Event: 101.800 Thread 0x000002a26bfc9450 flushing  nmethod 0x000002a2009c3c90
Event: 101.800 Thread 0x000002a26bfc9450 flushing  nmethod 0x000002a2009c5310
Event: 101.800 Thread 0x000002a26bfc9450 flushing  nmethod 0x000002a2009c7e10
Event: 101.800 Thread 0x000002a26bfc9450 flushing  nmethod 0x000002a2009e5390
Event: 101.800 Thread 0x000002a26bfc9450 flushing  nmethod 0x000002a200a26b10
Event: 101.800 Thread 0x000002a26bfc9450 flushing  nmethod 0x000002a200a26f10
Event: 101.800 Thread 0x000002a26bfc9450 flushing  nmethod 0x000002a200a27610
Event: 101.800 Thread 0x000002a26bfc9450 flushing  nmethod 0x000002a200a28110
Event: 101.800 Thread 0x000002a26bfc9450 flushing  nmethod 0x000002a200a28510
Event: 101.800 Thread 0x000002a26bfc9450 flushing  nmethod 0x000002a200a29290
Event: 101.800 Thread 0x000002a26bfc9450 flushing  nmethod 0x000002a200a29b90
Event: 101.800 Thread 0x000002a26bfc9450 flushing  nmethod 0x000002a200a2f110
Event: 101.800 Thread 0x000002a26bfc9450 flushing  nmethod 0x000002a200a37190

Events (20 events):
Event: 98.577 Thread 0x000002a27e007c10 Thread exited: 0x000002a27e007c10
Event: 100.140 Thread 0x000002a27766f3f0 Thread added: 0x000002a27dec56c0
Event: 103.282 Thread 0x000002a27dec56c0 Thread exited: 0x000002a27dec56c0
Event: 162.747 Thread 0x000002a27dcd4880 Thread exited: 0x000002a27dcd4880
Event: 163.287 Thread 0x000002a27d4b8f90 Thread exited: 0x000002a27d4b8f90
Event: 163.288 Thread 0x000002a27d4b8270 Thread exited: 0x000002a27d4b8270
Event: 163.288 Thread 0x000002a27d4b6ec0 Thread exited: 0x000002a27d4b6ec0
Event: 163.288 Thread 0x000002a27d4b61a0 Thread exited: 0x000002a27d4b61a0
Event: 222.745 Thread 0x000002a27dcd2120 Thread exited: 0x000002a27dcd2120
Event: 282.748 Thread 0x000002a27dcd3b60 Thread exited: 0x000002a27dcd3b60
Event: 341.535 Thread 0x000002a26e359bb0 Thread added: 0x000002a27dec56c0
Event: 342.749 Thread 0x000002a27dccf330 Thread exited: 0x000002a27dccf330
Event: 346.561 Thread 0x000002a27dec56c0 Thread exited: 0x000002a27dec56c0
Event: 402.775 Thread 0x000002a27dcd27b0 Thread exited: 0x000002a27dcd27b0
Event: 462.780 Thread 0x000002a27dcd41f0 Thread exited: 0x000002a27dcd41f0
Event: 522.783 Thread 0x000002a27dcd2e40 Thread exited: 0x000002a27dcd2e40
Event: 3734.643 Thread 0x000002a27766f3f0 Thread added: 0x000002a2501624a0
Event: 3734.981 Thread 0x000002a2501624a0 Thread exited: 0x000002a2501624a0
Event: 3735.050 Thread 0x000002a27766f3f0 Thread added: 0x000002a27f0c4930
Event: 3740.359 Thread 0x000002a27f0c4930 Thread exited: 0x000002a27f0c4930


Dynamic libraries:
0x00007ff63fa70000 - 0x00007ff63fa7e000 	c:\Users\admin\.antigravity\extensions\redhat.java-1.51.0-win32-x64\jre\21.0.9-win32-x86_64\bin\java.exe
0x00007ffeffa20000 - 0x00007ffeffc87000 	C:\WINDOWS\SYSTEM32\ntdll.dll
0x00007ffefd980000 - 0x00007ffefda49000 	C:\WINDOWS\System32\KERNEL32.DLL
0x00007ffefcd10000 - 0x00007ffefd0ff000 	C:\WINDOWS\System32\KERNELBASE.dll
0x00007ffefd390000 - 0x00007ffefd4db000 	C:\WINDOWS\System32\ucrtbase.dll
0x00007ffeeb750000 - 0x00007ffeeb768000 	c:\Users\admin\.antigravity\extensions\redhat.java-1.51.0-win32-x64\jre\21.0.9-win32-x86_64\bin\jli.dll
0x00007ffefda50000 - 0x00007ffefdc15000 	C:\WINDOWS\System32\USER32.dll
0x00007ffefcce0000 - 0x00007ffefcd07000 	C:\WINDOWS\System32\win32u.dll
0x00007ffefd850000 - 0x00007ffefd87b000 	C:\WINDOWS\System32\GDI32.dll
0x00007ffefd110000 - 0x00007ffefd23c000 	C:\WINDOWS\System32\gdi32full.dll
0x00007ffefd710000 - 0x00007ffefd7b3000 	C:\WINDOWS\System32\msvcp_win.dll
0x00007ffee8590000 - 0x00007ffee85ae000 	c:\Users\admin\.antigravity\extensions\redhat.java-1.51.0-win32-x64\jre\21.0.9-win32-x86_64\bin\VCRUNTIME140.dll
0x00007ffeea390000 - 0x00007ffeea623000 	C:\WINDOWS\WinSxS\amd64_microsoft.windows.common-controls_6595b64144ccf1df_6.0.26100.7309_none_3e05feeae336a044\COMCTL32.dll
0x00007ffefe280000 - 0x00007ffefe329000 	C:\WINDOWS\System32\msvcrt.dll
0x00007ffeff830000 - 0x00007ffeff861000 	C:\WINDOWS\System32\IMM32.DLL
0x00007ffeebdf0000 - 0x00007ffeebdfc000 	c:\Users\admin\.antigravity\extensions\redhat.java-1.51.0-win32-x64\jre\21.0.9-win32-x86_64\bin\vcruntime140_1.dll
0x00007ffecfe60000 - 0x00007ffecfeed000 	c:\Users\admin\.antigravity\extensions\redhat.java-1.51.0-win32-x64\jre\21.0.9-win32-x86_64\bin\msvcp140.dll
0x00007ffea2d80000 - 0x00007ffea3b20000 	c:\Users\admin\.antigravity\extensions\redhat.java-1.51.0-win32-x64\jre\21.0.9-win32-x86_64\bin\server\jvm.dll
0x00007ffeff6f0000 - 0x00007ffeff7a4000 	C:\WINDOWS\System32\ADVAPI32.dll
0x00007ffefe970000 - 0x00007ffefea16000 	C:\WINDOWS\System32\sechost.dll
0x00007ffeff870000 - 0x00007ffeff988000 	C:\WINDOWS\System32\RPCRT4.dll
0x00007ffefea20000 - 0x00007ffefea94000 	C:\WINDOWS\System32\WS2_32.dll
0x00007ffefc820000 - 0x00007ffefc87e000 	C:\WINDOWS\SYSTEM32\POWRPROF.dll
0x00007ffeefd90000 - 0x00007ffeefdc5000 	C:\WINDOWS\SYSTEM32\WINMM.dll
0x00007ffef6060000 - 0x00007ffef606b000 	C:\WINDOWS\SYSTEM32\VERSION.dll
0x00007ffefc800000 - 0x00007ffefc814000 	C:\WINDOWS\SYSTEM32\UMPDC.dll
0x00007ffefb920000 - 0x00007ffefb93b000 	C:\WINDOWS\SYSTEM32\kernel.appcore.dll
0x00007ffeebcb0000 - 0x00007ffeebcba000 	c:\Users\admin\.antigravity\extensions\redhat.java-1.51.0-win32-x64\jre\21.0.9-win32-x86_64\bin\jimage.dll
0x00007ffefa210000 - 0x00007ffefa452000 	C:\WINDOWS\SYSTEM32\DBGHELP.DLL
0x00007ffeff260000 - 0x00007ffeff5e6000 	C:\WINDOWS\System32\combase.dll
0x00007ffefe880000 - 0x00007ffefe956000 	C:\WINDOWS\System32\OLEAUT32.dll
0x00007ffeec410000 - 0x00007ffeec44c000 	C:\WINDOWS\SYSTEM32\dbgcore.DLL
0x00007ffefd4e0000 - 0x00007ffefd585000 	C:\WINDOWS\System32\bcryptPrimitives.dll
0x00007ffeeb740000 - 0x00007ffeeb74f000 	c:\Users\admin\.antigravity\extensions\redhat.java-1.51.0-win32-x64\jre\21.0.9-win32-x86_64\bin\instrument.dll
0x00007ffee4290000 - 0x00007ffee42b0000 	c:\Users\admin\.antigravity\extensions\redhat.java-1.51.0-win32-x64\jre\21.0.9-win32-x86_64\bin\java.dll
0x00007ffefeaa0000 - 0x00007ffeff1f3000 	C:\WINDOWS\System32\SHELL32.dll
0x00007ffefcb70000 - 0x00007ffefccda000 	C:\WINDOWS\System32\wintypes.dll
0x00007ffefa7b0000 - 0x00007ffefb00e000 	C:\WINDOWS\SYSTEM32\windows.storage.dll
0x00007ffefd880000 - 0x00007ffefd975000 	C:\WINDOWS\System32\SHCORE.dll
0x00007ffeff600000 - 0x00007ffeff666000 	C:\WINDOWS\System32\shlwapi.dll
0x00007ffefca90000 - 0x00007ffefcab9000 	C:\WINDOWS\SYSTEM32\profapi.dll
0x00007ffedf810000 - 0x00007ffedf828000 	c:\Users\admin\.antigravity\extensions\redhat.java-1.51.0-win32-x64\jre\21.0.9-win32-x86_64\bin\zip.dll
0x00007ffeebc00000 - 0x00007ffeebc10000 	C:\Users\admin\.antigravity\extensions\redhat.java-1.51.0-win32-x64\jre\21.0.9-win32-x86_64\bin\net.dll
0x00007ffef5400000 - 0x00007ffef5528000 	C:\WINDOWS\SYSTEM32\WINHTTP.dll
0x00007ffefbe90000 - 0x00007ffefbefb000 	C:\WINDOWS\system32\mswsock.dll
0x00007ffee26e0000 - 0x00007ffee26f6000 	C:\Users\admin\.antigravity\extensions\redhat.java-1.51.0-win32-x64\jre\21.0.9-win32-x86_64\bin\nio.dll
0x00007ffee7f40000 - 0x00007ffee7f50000 	c:\Users\admin\.antigravity\extensions\redhat.java-1.51.0-win32-x64\jre\21.0.9-win32-x86_64\bin\verify.dll
0x00007ffedf5a0000 - 0x00007ffedf5e4000 	C:\Users\admin\AppData\Roaming\Antigravity\User\globalStorage\redhat.java\1.51.0\config_win\org.eclipse.equinox.launcher\org.eclipse.equinox.launcher.win32.win32.x86_64_1.2.1400.v20250801-0854\eclipse_11916.dll
0x00007ffefe390000 - 0x00007ffefe527000 	C:\WINDOWS\System32\ole32.dll
0x00007ffefc160000 - 0x00007ffefc17b000 	C:\WINDOWS\SYSTEM32\CRYPTSP.dll
0x00007ffefb880000 - 0x00007ffefb8ba000 	C:\WINDOWS\system32\rsaenh.dll
0x00007ffefbf40000 - 0x00007ffefbf6b000 	C:\WINDOWS\SYSTEM32\USERENV.dll
0x00007ffefca60000 - 0x00007ffefca8a000 	C:\WINDOWS\SYSTEM32\bcrypt.dll
0x00007ffefc150000 - 0x00007ffefc15c000 	C:\WINDOWS\SYSTEM32\CRYPTBASE.dll
0x00007ffefb330000 - 0x00007ffefb364000 	C:\WINDOWS\SYSTEM32\IPHLPAPI.DLL
0x00007ffeff200000 - 0x00007ffeff20a000 	C:\WINDOWS\System32\NSI.dll
0x00007ffed5910000 - 0x00007ffed5959000 	C:\Users\admin\AppData\Local\Temp\jna-92668751\jna13348611781208609485.dll
0x00007ffeff5f0000 - 0x00007ffeff5f8000 	C:\WINDOWS\System32\PSAPI.DLL
0x00007ffef5390000 - 0x00007ffef53ae000 	C:\WINDOWS\SYSTEM32\dhcpcsvc6.DLL
0x00007ffef5240000 - 0x00007ffef5263000 	C:\WINDOWS\SYSTEM32\dhcpcsvc.DLL
0x00007ffedd180000 - 0x00007ffedd1a7000 	C:\Users\admin\.gradle\native\1def1411415f61bf3af743bc5b6707747c0891f09f0c88961ee8f79bc544acac\windows-amd64\native-platform.dll
0x00007ffef7670000 - 0x00007ffef767a000 	C:\Users\admin\.antigravity\extensions\redhat.java-1.51.0-win32-x64\jre\21.0.9-win32-x86_64\bin\management.dll
0x00007ffeec4b0000 - 0x00007ffeec4bc000 	C:\Users\admin\.antigravity\extensions\redhat.java-1.51.0-win32-x64\jre\21.0.9-win32-x86_64\bin\management_ext.dll

JVMTI agents:
c:\Users\admin\.antigravity\extensions\redhat.java-1.51.0-win32-x64\lombok\lombok-1.18.39-4050.jar path:c:\Users\admin\.antigravity\extensions\redhat.java-1.51.0-win32-x64\jre\21.0.9-win32-x86_64\bin\instrument.dll, loaded, initialized, instrumentlib options:none

dbghelp: loaded successfully - version: 4.0.5 - missing functions: none
symbol engine: initialized successfully - sym options: 0x614 - pdb path: .;c:\Users\admin\.antigravity\extensions\redhat.java-1.51.0-win32-x64\jre\21.0.9-win32-x86_64\bin;C:\WINDOWS\SYSTEM32;C:\WINDOWS\WinSxS\amd64_microsoft.windows.common-controls_6595b64144ccf1df_6.0.26100.7309_none_3e05feeae336a044;c:\Users\admin\.antigravity\extensions\redhat.java-1.51.0-win32-x64\jre\21.0.9-win32-x86_64\bin\server;C:\Users\admin\AppData\Roaming\Antigravity\User\globalStorage\redhat.java\1.51.0\config_win\org.eclipse.equinox.launcher\org.eclipse.equinox.launcher.win32.win32.x86_64_1.2.1400.v20250801-0854;C:\Users\admin\AppData\Local\Temp\jna-92668751;C:\Users\admin\.gradle\native\1def1411415f61bf3af743bc5b6707747c0891f09f0c88961ee8f79bc544acac\windows-amd64

VM Arguments:
jvm_args: --add-modules=ALL-SYSTEM --add-opens=java.base/java.util=ALL-UNNAMED --add-opens=java.base/java.lang=ALL-UNNAMED --add-opens=java.base/sun.nio.fs=ALL-UNNAMED -Declipse.application=org.eclipse.jdt.ls.core.id1 -Dosgi.bundles.defaultStartLevel=4 -Declipse.product=org.eclipse.jdt.ls.core.product -Djava.import.generatesMetadataFilesAtProjectRoot=false -DDetectVMInstallationsJob.disabled=true -Dfile.encoding=utf8 -XX:+UseParallelGC -XX:GCTimeRatio=4 -XX:AdaptiveSizePolicyWeight=90 -Dsun.zip.disableMemoryMapping=true -Xmx2G -Xms100m -Xlog:disable -javaagent:c:\Users\admin\.antigravity\extensions\redhat.java-1.51.0-win32-x64\lombok\lombok-1.18.39-4050.jar -XX:+HeapDumpOnOutOfMemoryError -XX:HeapDumpPath=c:\Users\admin\AppData\Roaming\Antigravity\User\workspaceStorage\058006a8568fbba3b67f35b70838b8de\redhat.java -Daether.dependencyCollector.impl=bf 
java_command: c:\Users\admin\.antigravity\extensions\redhat.java-1.51.0-win32-x64\server\plugins\org.eclipse.equinox.launcher_1.7.100.v20251111-0406.jar -configuration c:\Users\admin\AppData\Roaming\Antigravity\User\globalStorage\redhat.java\1.51.0\config_win -data c:\Users\admin\AppData\Roaming\Antigravity\User\workspaceStorage\058006a8568fbba3b67f35b70838b8de\redhat.java\jdt_ws --pipe=\\.\pipe\lsp-d82e84ebdde171ee0f288ef984c5947a-sock
java_class_path (initial): c:\Users\admin\.antigravity\extensions\redhat.java-1.51.0-win32-x64\server\plugins\org.eclipse.equinox.launcher_1.7.100.v20251111-0406.jar
Launcher Type: SUN_STANDARD

[Global flags]
    uintx AdaptiveSizePolicyWeight                 = 90                                        {product} {command line}
     intx CICompilerCount                          = 4                                         {product} {ergonomic}
    uintx GCTimeRatio                              = 4                                         {product} {command line}
     bool HeapDumpOnOutOfMemoryError               = true                                   {manageable} {command line}
    ccstr HeapDumpPath                             = c:\Users\admin\AppData\Roaming\Antigravity\User\workspaceStorage\058006a8568fbba3b67f35b70838b8de\redhat.java         {manageable} {command line}
   size_t InitialHeapSize                          = 104857600                                 {product} {command line}
   size_t MaxHeapSize                              = 2147483648                                {product} {command line}
   size_t MaxNewSize                               = 715653120                                 {product} {ergonomic}
   size_t MinHeapDeltaBytes                        = 524288                                    {product} {ergonomic}
   size_t MinHeapSize                              = 104857600                                 {product} {command line}
   size_t NewSize                                  = 34603008                                  {product} {ergonomic}
    uintx NonNMethodCodeHeapSize                   = 5839372                                {pd product} {ergonomic}
    uintx NonProfiledCodeHeapSize                  = 122909434                              {pd product} {ergonomic}
   size_t OldSize                                  = 70254592                                  {product} {ergonomic}
    uintx ProfiledCodeHeapSize                     = 122909434                              {pd product} {ergonomic}
    uintx ReservedCodeCacheSize                    = 251658240                              {pd product} {ergonomic}
     bool SegmentedCodeCache                       = true                                      {product} {ergonomic}
   size_t SoftMaxHeapSize                          = 2147483648                             {manageable} {ergonomic}
     bool UseCompressedOops                        = true                           {product lp64_product} {ergonomic}
     bool UseLargePagesIndividualAllocation        = false                                  {pd product} {ergonomic}
     bool UseParallelGC                            = true                                      {product} {command line}

Logging:
Log output configuration:
 #0: stdout all=off uptime,level,tags foldmultilines=false
 #1: stderr all=off uptime,level,tags foldmultilines=false

Release file:
JAVA_VERSION="21.0.9" 
MODULES="java.base java.compiler java.datatransfer java.xml java.prefs java.desktop java.instrument java.logging java.management java.security.sasl java.naming java.rmi java.management.rmi java.net.http java.scripting java.security.jgss java.transaction.xa java.sql java.sql.rowset java.xml.crypto java.se java.smartcardio jdk.accessibility jdk.internal.jvmstat jdk.attach jdk.charsets jdk.internal.opt jdk.zipfs jdk.compiler jdk.crypto.ec jdk.crypto.cryptoki jdk.crypto.mscapi jdk.dynalink jdk.internal.ed jdk.editpad jdk.hotspot.agent jdk.httpserver jdk.internal.le jdk.internal.vm.ci jdk.internal.vm.compiler jdk.internal.vm.compiler.management jdk.jartool jdk.javadoc jdk.jcmd jdk.management jdk.management.agent jdk.jconsole jdk.jdeps jdk.jdwp.agent jdk.jdi jdk.jfr jdk.jshell jdk.jsobject jdk.jstatd jdk.localedata jdk.management.jfr jdk.naming.dns jdk.naming.rmi jdk.net jdk.nio.mapmode jdk.random jdk.sctp jdk.security.auth jdk.security.jgss jdk.unsupported jdk.unsupported.desktop jdk.xml.dom" 

Environment Variables:
PATH=C:\Program Files\Common Files\Oracle\Java\javapath;C:\WINDOWS\system32;C:\WINDOWS;C:\WINDOWS\System32\Wbem;C:\WINDOWS\System32\WindowsPowerShell\v1.0\;C:\WINDOWS\System32\OpenSSH\;C:\Program Files\Git\cmd;C:\Users\admin\AppData\Local\nvm;C:\nvm4w\nodejs;C:\Program Files\nodejs\;C:\Users\admin\AppData\Local\Android\Sdk\platform-tools;C:\Users\admin\AppData\Local\Android\Sdk\emulator;C:\Users\admin\AppData\Local\Android\Sdk\cmdline-tools\latest\bin;C:\Users\admin\AppData\Local\Microsoft\WindowsApps;C:\Users\admin\AppData\Local\Programs\Microsoft VS Code\bin;C:\Users\admin\AppData\Local\GitHubDesktop\bin;C:\Users\admin\AppData\Local\Programs\Antigravity\bin;C:\Users\admin\AppData\Local\nvm;C:\nvm4w\nodejs;C:\Users\admin\AppData\Roaming\npm
USERNAME=admin
OS=Windows_NT
PROCESSOR_IDENTIFIER=Intel64 Family 6 Model 158 Stepping 10, GenuineIntel
TMP=C:\Users\admin\AppData\Local\Temp
TEMP=C:\Users\admin\AppData\Local\Temp




Periodic native trim disabled

---------------  S Y S T E M  ---------------

OS:
 Windows 11 , 64 bit Build 26100 (10.0.26100.7623)
OS uptime: 1 days 16:34 hours

CPU: total 8 (initial active 8) (4 cores per cpu, 2 threads per core) family 6 model 158 stepping 10 microcode 0xf0, cx8, cmov, fxsr, ht, mmx, 3dnowpref, sse, sse2, sse3, ssse3, sse4.1, sse4.2, popcnt, lzcnt, tsc, tscinvbit, avx, avx2, aes, erms, clmul, bmi1, bmi2, adx, fma, vzeroupper, clflush, clflushopt, rdtscp, f16c
Processor Information for the first 8 processors :
  Max Mhz: 2400, Current Mhz: 2400, Mhz Limit: 2400

Memory: 4k page, system-wide physical 8103M (666M free)
TotalPageFile size 23477M (AvailPageFile size 13M)
current process WorkingSet (physical memory assigned to process): 83M, peak: 288M
current process commit charge ("private bytes"): 371M, peak: 394M

vm_info: OpenJDK 64-Bit Server VM (21.0.9+10-LTS) for windows-amd64 JRE (21.0.9+10-LTS), built on 2025-10-21T00:00:00Z by "admin" with unknown MS VC++:1942

END.
